{"/Users/zcy1/Desktop/demo/auto-test-jest-demo/index.js": {"path":"/Users/zcy1/Desktop/demo/auto-test-jest-demo/index.js","statementMap":{"0":{"start":{"line":11,"column":2},"end":{"line":11,"column":21}},"1":{"start":{"line":15,"column":2},"end":{"line":15,"column":46}},"2":{"start":{"line":19,"column":0},"end":{"line":22,"column":1}}},"fnMap":{"0":{"name":"ZcyZooTeam","decl":{"start":{"line":10,"column":9},"end":{"line":10,"column":19}},"loc":{"start":{"line":10,"column":25},"end":{"line":12,"column":1}},"line":10},"1":{"name":"happyDay","decl":{"start":{"line":14,"column":9},"end":{"line":14,"column":17}},"loc":{"start":{"line":14,"column":31},"end":{"line":16,"column":1}},"line":14}},"branchMap":{},"s":{"0":1,"1":1,"2":1},"f":{"0":1,"1":1},"b":{},"_coverageSchema":"43e27e138ebf9cfc5966b082cf9a028302ed4184","hash":"4030742217a996be35be5888711d0cd4e10695af"}
}
